\BOOKMARK [1][-]{section.1}{\376\377\000P\000a\000r\000t\000\040\0001\000\040\000-\000\040\000C\000u\000s\000t\000o\000m\000\040\000W\000e\000i\000g\000h\000t\000e\000d\000\040\000s\000u\000m\000m\000i\000n\000g\000\040\000a\000n\000d\000\040\000d\000i\000f\000f\000e\000r\000e\000n\000c\000e\000\040\000a\000m\000p\000l\000i\000f\000i\000e\000r}{}% 1
\BOOKMARK [2][-]{subsection.1.1}{\376\377\000O\000b\000j\000e\000c\000t\000i\000v\000e}{section.1}% 2
\BOOKMARK [2][-]{subsection.1.2}{\376\377\000A\000p\000p\000a\000r\000a\000t\000u\000s}{section.1}% 3
\BOOKMARK [2][-]{subsection.1.3}{\376\377\000T\000h\000e\000o\000r\000y}{section.1}% 4
\BOOKMARK [2][-]{subsection.1.4}{\376\377\000P\000r\000o\000c\000e\000d\000u\000r\000e}{section.1}% 5
\BOOKMARK [2][-]{subsection.1.5}{\376\377\000D\000e\000m\000o\000n\000s\000t\000r\000a\000t\000i\000o\000n}{section.1}% 6
\BOOKMARK [2][-]{subsection.1.6}{\376\377\000C\000o\000n\000c\000l\000u\000s\000i\000o\000n}{section.1}% 7
\BOOKMARK [1][-]{section.2}{\376\377\000P\000a\000r\000t\000\040\0002\000\040\000-\000\040\000O\000p\000-\000A\000m\000p\000\040\000I\000n\000t\000e\000g\000r\000a\000t\000o\000r}{}% 8
\BOOKMARK [2][-]{subsection.2.1}{\376\377\000O\000b\000j\000e\000c\000t\000i\000v\000e}{section.2}% 9
\BOOKMARK [2][-]{subsection.2.2}{\376\377\000A\000p\000p\000a\000r\000a\000t\000u\000s}{section.2}% 10
\BOOKMARK [2][-]{subsection.2.3}{\376\377\000T\000h\000e\000o\000r\000y}{section.2}% 11
\BOOKMARK [2][-]{subsection.2.4}{\376\377\000P\000r\000o\000c\000e\000d\000u\000r\000e}{section.2}% 12
\BOOKMARK [2][-]{subsection.2.5}{\376\377\000D\000e\000m\000o\000n\000s\000t\000r\000a\000t\000i\000o\000n}{section.2}% 13
\BOOKMARK [2][-]{subsection.2.6}{\376\377\000C\000o\000n\000c\000l\000u\000s\000i\000o\000n}{section.2}% 14
\BOOKMARK [1][-]{section.3}{\376\377\000P\000a\000r\000t\000\040\0003\000\040\000-\000\040\000R\000e\000c\000t\000i\000f\000i\000e\000r}{}% 15
\BOOKMARK [2][-]{subsection.3.1}{\376\377\000O\000b\000j\000e\000c\000t\000i\000v\000e}{section.3}% 16
\BOOKMARK [2][-]{subsection.3.2}{\376\377\000A\000p\000p\000a\000r\000a\000t\000u\000s}{section.3}% 17
\BOOKMARK [2][-]{subsection.3.3}{\376\377\000T\000h\000e\000o\000r\000y}{section.3}% 18
\BOOKMARK [2][-]{subsection.3.4}{\376\377\000P\000r\000o\000c\000e\000d\000u\000r\000e}{section.3}% 19
\BOOKMARK [2][-]{subsection.3.5}{\376\377\000R\000e\000s\000p\000o\000n\000s\000e\000\040\000c\000a\000p\000t\000u\000r\000e\000d}{section.3}% 20
