This is pdfTeX, Version 3.141592653-2.6-1.40.26 (TeX Live 2024) (preloaded format=pdflatex 2024.10.3)  24 JAN 2025 22:40
entering extended mode
 restricted \write18 enabled.
 %&-line parsing enabled.
**report.tex
(./report.tex
LaTeX2e <2024-06-01> patch level 2
L3 programming layer <2024-09-10>
(/opt/texlive/2024/texmf-dist/tex/latex/base/article.cls
Document Class: article 2024/02/08 v1.4n Standard LaTeX document class
(/opt/texlive/2024/texmf-dist/tex/latex/base/size12.clo
File: size12.clo 2024/02/08 v1.4n Standard LaTeX file (size option)
)
\c@part=\count194
\c@section=\count195
\c@subsection=\count196
\c@subsubsection=\count197
\c@paragraph=\count198
\c@subparagraph=\count199
\c@figure=\count266
\c@table=\count267
\abovecaptionskip=\skip49
\belowcaptionskip=\skip50
\bibindent=\dimen141
)
(/opt/texlive/2024/texmf-dist/tex/latex/natbib/natbib.sty
Package: natbib 2010/09/13 8.31b (PWD, AO)
\bibhang=\skip51
\bibsep=\skip52
LaTeX Info: Redefining \cite on input line 694.
\c@NAT@ctr=\count268
)
(/opt/texlive/2024/texmf-dist/tex/latex/anysize/anysize.sty
Package: anysize 1994/08/13 setting margin sizes

document style option `anysize' loaded
Michael Salzenberg, Thomas Esser, Dirk Hillbrecht
Version 1.0, Aug 13, 1994
\@Leftmargin=\dimen142
\@Rightmargin=\dimen143
\@Topmargin=\dimen144
\@Bottommargin=\dimen145
) (/opt/texlive/2024/texmf-dist/tex/latex/fancyhdr/fancyhdr.sty
Package: fancyhdr 2024/07/23 v4.3.1 Extensive control of page headers and foote
rs
\f@nch@headwidth=\skip53
\f@nch@O@elh=\skip54
\f@nch@O@erh=\skip55
\f@nch@O@olh=\skip56
\f@nch@O@orh=\skip57
\f@nch@O@elf=\skip58
\f@nch@O@erf=\skip59
\f@nch@O@olf=\skip60
\f@nch@O@orf=\skip61
)
(/opt/texlive/2024/texmf-dist/tex/generic/soul/soul.sty
Package: soul 2023-06-14 v3.1 Permit use of UTF-8 characters in soul (HO)

(/opt/texlive/2024/texmf-dist/tex/generic/soul/soul-ori.sty
Package: soul-ori 2023-06-14 v3.1 letterspacing/underlining (mf)
\SOUL@word=\toks17
\SOUL@lasttoken=\toks18
\SOUL@syllable=\toks19
\SOUL@cmds=\toks20
\SOUL@buffer=\toks21
\SOUL@token=\toks22
\SOUL@syllgoal=\dimen146
\SOUL@syllwidth=\dimen147
\SOUL@charkern=\dimen148
\SOUL@hyphkern=\dimen149
\SOUL@dimen=\dimen150
\SOUL@dimeni=\dimen151
\SOUL@minus=\count269
\SOUL@comma=\count270
\SOUL@apo=\count271
\SOUL@grave=\count272
\SOUL@spaceskip=\skip62
\SOUL@ttwidth=\dimen152
\SOUL@uldp=\dimen153
\SOUL@ulht=\dimen154
)
(/opt/texlive/2024/texmf-dist/tex/generic/infwarerr/infwarerr.sty
Package: infwarerr 2019/12/03 v1.5 Providing info/warning/error messages (HO)
)
(/opt/texlive/2024/texmf-dist/tex/generic/etexcmds/etexcmds.sty
Package: etexcmds 2019/12/15 v1.7 Avoid name clashes with e-TeX commands (HO)

(/opt/texlive/2024/texmf-dist/tex/generic/iftex/iftex.sty
Package: iftex 2022/02/03 v1.0f TeX engine tests
)))
(/opt/texlive/2024/texmf-dist/tex/latex/xcolor/xcolor.sty
Package: xcolor 2024/09/29 v3.02 LaTeX color extensions (UK)

(/opt/texlive/2024/texmf-dist/tex/latex/graphics-cfg/color.cfg
File: color.cfg 2016/01/02 v1.6 sample color configuration
)
Package xcolor Info: Driver file: pdftex.def on input line 274.

(/opt/texlive/2024/texmf-dist/tex/latex/graphics-def/pdftex.def
File: pdftex.def 2024/04/13 v1.2c Graphics/color driver for pdftex
)
(/opt/texlive/2024/texmf-dist/tex/latex/graphics/mathcolor.ltx)
Package xcolor Info: Model `cmy' substituted by `cmy0' on input line 1349.
Package xcolor Info: Model `hsb' substituted by `rgb' on input line 1353.
Package xcolor Info: Model `RGB' extended on input line 1365.
Package xcolor Info: Model `HTML' substituted by `rgb' on input line 1367.
Package xcolor Info: Model `Hsb' substituted by `hsb' on input line 1368.
Package xcolor Info: Model `tHsb' substituted by `hsb' on input line 1369.
Package xcolor Info: Model `HSB' substituted by `hsb' on input line 1370.
Package xcolor Info: Model `Gray' substituted by `gray' on input line 1371.
Package xcolor Info: Model `wave' substituted by `hsb' on input line 1372.
)
(/opt/texlive/2024/texmf-dist/tex/latex/graphics/dvipsnam.def
File: dvipsnam.def 2016/06/17 v3.0m Driver-dependent file (DPC,SPQR)
)
(/opt/texlive/2024/texmf-dist/tex/latex/hyperref/hyperref.sty
Package: hyperref 2024-07-10 v7.01j Hypertext links for LaTeX

(/opt/texlive/2024/texmf-dist/tex/latex/graphics/keyval.sty
Package: keyval 2022/05/29 v1.15 key=value parser (DPC)
\KV@toks@=\toks23
)
(/opt/texlive/2024/texmf-dist/tex/latex/kvsetkeys/kvsetkeys.sty
Package: kvsetkeys 2022-10-05 v1.19 Key value parser (HO)
)
(/opt/texlive/2024/texmf-dist/tex/generic/kvdefinekeys/kvdefinekeys.sty
Package: kvdefinekeys 2019-12-19 v1.6 Define keys (HO)
)
(/opt/texlive/2024/texmf-dist/tex/generic/pdfescape/pdfescape.sty
Package: pdfescape 2019/12/09 v1.15 Implements pdfTeX's escape features (HO)

(/opt/texlive/2024/texmf-dist/tex/generic/ltxcmds/ltxcmds.sty
Package: ltxcmds 2023-12-04 v1.26 LaTeX kernel commands for general use (HO)
)
(/opt/texlive/2024/texmf-dist/tex/generic/pdftexcmds/pdftexcmds.sty
Package: pdftexcmds 2020-06-27 v0.33 Utility functions of pdfTeX for LuaTeX (HO
)
Package pdftexcmds Info: \pdf@primitive is available.
Package pdftexcmds Info: \pdf@ifprimitive is available.
Package pdftexcmds Info: \pdfdraftmode found.
))
(/opt/texlive/2024/texmf-dist/tex/latex/hycolor/hycolor.sty
Package: hycolor 2020-01-27 v1.10 Color options for hyperref/bookmark (HO)
)
(/opt/texlive/2024/texmf-dist/tex/latex/hyperref/nameref.sty
Package: nameref 2023-11-26 v2.56 Cross-referencing by name of section

(/opt/texlive/2024/texmf-dist/tex/latex/refcount/refcount.sty
Package: refcount 2019/12/15 v3.6 Data extraction from label references (HO)
)
(/opt/texlive/2024/texmf-dist/tex/generic/gettitlestring/gettitlestring.sty
Package: gettitlestring 2019/12/15 v1.6 Cleanup title references (HO)

(/opt/texlive/2024/texmf-dist/tex/latex/kvoptions/kvoptions.sty
Package: kvoptions 2022-06-15 v3.15 Key value format for package options (HO)
))
\c@section@level=\count273
)
(/opt/texlive/2024/texmf-dist/tex/latex/etoolbox/etoolbox.sty
Package: etoolbox 2020/10/05 v2.5k e-TeX tools for LaTeX (JAW)
\etb@tempcnta=\count274
)
(/opt/texlive/2024/texmf-dist/tex/generic/stringenc/stringenc.sty
Package: stringenc 2019/11/29 v1.12 Convert strings between diff. encodings (HO
)
)
\@linkdim=\dimen155
\Hy@linkcounter=\count275
\Hy@pagecounter=\count276

(/opt/texlive/2024/texmf-dist/tex/latex/hyperref/pd1enc.def
File: pd1enc.def 2024-07-10 v7.01j Hyperref: PDFDocEncoding definition (HO)
Now handling font encoding PD1 ...
... no UTF-8 mapping file for font encoding PD1
)
(/opt/texlive/2024/texmf-dist/tex/generic/intcalc/intcalc.sty
Package: intcalc 2019/12/15 v1.3 Expandable calculations with integers (HO)
)
\Hy@SavedSpaceFactor=\count277

(/opt/texlive/2024/texmf-dist/tex/latex/hyperref/puenc.def
File: puenc.def 2024-07-10 v7.01j Hyperref: PDF Unicode definition (HO)
Now handling font encoding PU ...
... no UTF-8 mapping file for font encoding PU
)
Package hyperref Info: Hyper figures OFF on input line 4157.
Package hyperref Info: Link nesting OFF on input line 4162.
Package hyperref Info: Hyper index ON on input line 4165.
Package hyperref Info: Plain pages OFF on input line 4172.
Package hyperref Info: Backreferencing OFF on input line 4177.
Package hyperref Info: Implicit mode ON; LaTeX internals redefined.
Package hyperref Info: Bookmarks ON on input line 4424.
\c@Hy@tempcnt=\count278

(/opt/texlive/2024/texmf-dist/tex/latex/url/url.sty
\Urlmuskip=\muskip17
Package: url 2013/09/16  ver 3.4  Verb mode for urls, etc.
)
LaTeX Info: Redefining \url on input line 4763.
\XeTeXLinkMargin=\dimen156

(/opt/texlive/2024/texmf-dist/tex/generic/bitset/bitset.sty
Package: bitset 2019/12/09 v1.3 Handle bit-vector datatype (HO)

(/opt/texlive/2024/texmf-dist/tex/generic/bigintcalc/bigintcalc.sty
Package: bigintcalc 2019/12/15 v1.5 Expandable calculations on big integers (HO
)
))
\Fld@menulength=\count279
\Field@Width=\dimen157
\Fld@charsize=\dimen158
Package hyperref Info: Hyper figures OFF on input line 6042.
Package hyperref Info: Link nesting OFF on input line 6047.
Package hyperref Info: Hyper index ON on input line 6050.
Package hyperref Info: backreferencing OFF on input line 6057.
Package hyperref Info: Link coloring OFF on input line 6062.
Package hyperref Info: Link coloring with OCG OFF on input line 6067.
Package hyperref Info: PDF/A mode OFF on input line 6072.

(/opt/texlive/2024/texmf-dist/tex/latex/base/atbegshi-ltx.sty
Package: atbegshi-ltx 2021/01/10 v1.0c Emulation of the original atbegshi
package with kernel methods
)
\Hy@abspage=\count280
\c@Item=\count281
\c@Hfootnote=\count282
)
Package hyperref Info: Driver (autodetected): hpdftex.

(/opt/texlive/2024/texmf-dist/tex/latex/hyperref/hpdftex.def
File: hpdftex.def 2024-07-10 v7.01j Hyperref driver for pdfTeX

(/opt/texlive/2024/texmf-dist/tex/latex/base/atveryend-ltx.sty
Package: atveryend-ltx 2020/08/19 v1.0a Emulation of the original atveryend pac
kage
with kernel methods
)
\Fld@listcount=\count283
\c@bookmark@seq@number=\count284

(/opt/texlive/2024/texmf-dist/tex/latex/rerunfilecheck/rerunfilecheck.sty
Package: rerunfilecheck 2022-07-10 v1.10 Rerun checks for auxiliary files (HO)

(/opt/texlive/2024/texmf-dist/tex/generic/uniquecounter/uniquecounter.sty
Package: uniquecounter 2019/12/15 v1.4 Provide unlimited unique counter (HO)
)
Package uniquecounter Info: New unique counter `rerunfilecheck' on input line 2
85.
)
\Hy@SectionHShift=\skip63
)
(/opt/texlive/2024/texmf-dist/tex/latex/graphics/graphicx.sty
Package: graphicx 2021/09/16 v1.2d Enhanced LaTeX Graphics (DPC,SPQR)

(/opt/texlive/2024/texmf-dist/tex/latex/graphics/graphics.sty
Package: graphics 2024/05/23 v1.4g Standard LaTeX Graphics (DPC,SPQR)

(/opt/texlive/2024/texmf-dist/tex/latex/graphics/trig.sty
Package: trig 2023/12/02 v1.11 sin cos tan (DPC)
)
(/opt/texlive/2024/texmf-dist/tex/latex/graphics-cfg/graphics.cfg
File: graphics.cfg 2016/06/04 v1.11 sample graphics configuration
)
Package graphics Info: Driver file: pdftex.def on input line 106.
)
\Gin@req@height=\dimen159
\Gin@req@width=\dimen160
)
Package hyperref Info: Option `colorlinks' set `true' on input line 23.

(/opt/texlive/2024/texmf-dist/tex/latex/lipsum/lipsum.sty
(/opt/texlive/2024/texmf-dist/tex/latex/l3packages/l3keys2e/l3keys2e.sty
(/opt/texlive/2024/texmf-dist/tex/latex/l3kernel/expl3.sty
Package: expl3 2024-09-10 L3 programming layer (loader) 

(/opt/texlive/2024/texmf-dist/tex/latex/l3backend/l3backend-pdftex.def
File: l3backend-pdftex.def 2024-05-08 L3 backend support: PDF output (pdfTeX)
\l__color_backend_stack_int=\count285
\l__pdf_internal_box=\box52
))
Package: l3keys2e 2024-08-16 LaTeX2e option processing using LaTeX3 keys
)
Package: lipsum 2021-09-20 v2.7 150 paragraphs of Lorem Ipsum dummy text
\g__lipsum_par_int=\count286
\l__lipsum_a_int=\count287
\l__lipsum_b_int=\count288

(/opt/texlive/2024/texmf-dist/tex/latex/lipsum/lipsum.ltd.tex))
(/opt/texlive/2024/texmf-dist/tex/latex/tools/multicol.sty
Package: multicol 2024/05/23 v1.9h multicolumn formatting (FMi)
\c@tracingmulticols=\count289
\mult@box=\box53
\multicol@leftmargin=\dimen161
\c@unbalance=\count290
\c@collectmore=\count291
\doublecol@number=\count292
\multicoltolerance=\count293
\multicolpretolerance=\count294
\full@width=\dimen162
\page@free=\dimen163
\premulticols=\dimen164
\postmulticols=\dimen165
\multicolsep=\skip64
\multicolbaselineskip=\skip65
\partial@page=\box54
\last@line=\box55
\mc@boxedresult=\box56
\maxbalancingoverflow=\dimen166
\mult@rightbox=\box57
\mult@grightbox=\box58
\mult@firstbox=\box59
\mult@gfirstbox=\box60
\@tempa=\box61
\@tempa=\box62
\@tempa=\box63
\@tempa=\box64
\@tempa=\box65
\@tempa=\box66
\@tempa=\box67
\@tempa=\box68
\@tempa=\box69
\@tempa=\box70
\@tempa=\box71
\@tempa=\box72
\@tempa=\box73
\@tempa=\box74
\@tempa=\box75
\@tempa=\box76
\@tempa=\box77
\@tempa=\box78
\@tempa=\box79
\@tempa=\box80
\@tempa=\box81
\@tempa=\box82
\@tempa=\box83
\@tempa=\box84
\@tempa=\box85
\@tempa=\box86
\@tempa=\box87
\@tempa=\box88
\@tempa=\box89
\@tempa=\box90
\@tempa=\box91
\@tempa=\box92
\@tempa=\box93
\@tempa=\box94
\@tempa=\box95
\@tempa=\box96
\c@minrows=\count295
\c@columnbadness=\count296
\c@finalcolumnbadness=\count297
\last@try=\dimen167
\multicolovershoot=\dimen168
\multicolundershoot=\dimen169
\mult@nat@firstbox=\box97
\colbreak@box=\box98
\mc@col@check@num=\count298
)
(/opt/texlive/2024/texmf-dist/tex/latex/parskip/parskip.sty
Package: parskip 2021-03-14 v2.0h non-zero parskip adjustments
) (./report.aux)
\openout1 = `report.aux'.

LaTeX Font Info:    Checking defaults for OML/cmm/m/it on input line 39.
LaTeX Font Info:    ... okay on input line 39.
LaTeX Font Info:    Checking defaults for OMS/cmsy/m/n on input line 39.
LaTeX Font Info:    ... okay on input line 39.
LaTeX Font Info:    Checking defaults for OT1/cmr/m/n on input line 39.
LaTeX Font Info:    ... okay on input line 39.
LaTeX Font Info:    Checking defaults for T1/cmr/m/n on input line 39.
LaTeX Font Info:    ... okay on input line 39.
LaTeX Font Info:    Checking defaults for TS1/cmr/m/n on input line 39.
LaTeX Font Info:    ... okay on input line 39.
LaTeX Font Info:    Checking defaults for OMX/cmex/m/n on input line 39.
LaTeX Font Info:    ... okay on input line 39.
LaTeX Font Info:    Checking defaults for U/cmr/m/n on input line 39.
LaTeX Font Info:    ... okay on input line 39.
LaTeX Font Info:    Checking defaults for PD1/pdf/m/n on input line 39.
LaTeX Font Info:    ... okay on input line 39.
LaTeX Font Info:    Checking defaults for PU/pdf/m/n on input line 39.
LaTeX Font Info:    ... okay on input line 39.

(/opt/texlive/2024/texmf-dist/tex/context/base/mkii/supp-pdf.mkii
[Loading MPS to PDF converter (version 2006.09.02).]
\scratchcounter=\count299
\scratchdimen=\dimen170
\scratchbox=\box99
\nofMPsegments=\count300
\nofMParguments=\count301
\everyMPshowfont=\toks24
\MPscratchCnt=\count302
\MPscratchDim=\dimen171
\MPnumerator=\count303
\makeMPintoPDFobject=\count304
\everyMPtoPDFconversion=\toks25
) (/opt/texlive/2024/texmf-dist/tex/latex/epstopdf-pkg/epstopdf-base.sty
Package: epstopdf-base 2020-01-24 v2.11 Base part for package epstopdf
Package epstopdf-base Info: Redefining graphics rule for `.eps' on input line 4
85.

(/opt/texlive/2024/texmf-dist/tex/latex/latexconfig/epstopdf-sys.cfg
File: epstopdf-sys.cfg 2010/07/13 v1.3 Configuration of (r)epstopdf for TeX Liv
e
))
Package hyperref Info: Link coloring ON on input line 39.

(./report.out) (./report.out)
\@outlinefile=\write3
\openout3 = `report.out'.

LaTeX Font Info:    External font `cmex10' loaded for size
(Font)              <12> on input line 73.
LaTeX Font Info:    External font `cmex10' loaded for size
(Font)              <8> on input line 73.
LaTeX Font Info:    External font `cmex10' loaded for size
(Font)              <6> on input line 73.


[1

{/opt/texlive/2024/texmf-var/fonts/map/pdftex/updmap/pdftex.map}{/opt/texlive/2
024/texmf-dist/fonts/enc/dvips/cm-super/cm-super-ts1.enc}]
</home/gvt1/Work/ECLab2025/experiment01/figs/a2.jpg, id=96, 1284.8pt x 963.6pt>

File: /home/gvt1/Work/ECLab2025/experiment01/figs/a2.jpg Graphic file (type jpg
)
<use /home/gvt1/Work/ECLab2025/experiment01/figs/a2.jpg>
Package pdftex.def Info: /home/gvt1/Work/ECLab2025/experiment01/figs/a2.jpg  us
ed on input line 113.
(pdftex.def)             Requested size: 241.84843pt x 181.38031pt.
</home/gvt1/Work/ECLab2025/experiment01/figs/a.jpeg, id=97, 642.4pt x 481.8pt>
File: /home/gvt1/Work/ECLab2025/experiment01/figs/a.jpeg Graphic file (type jpg
)
<use /home/gvt1/Work/ECLab2025/experiment01/figs/a.jpeg>
Package pdftex.def Info: /home/gvt1/Work/ECLab2025/experiment01/figs/a.jpeg  us
ed on input line 114.
(pdftex.def)             Requested size: 193.47578pt x 145.10718pt.
</home/gvt1/Work/ECLab2025/experiment01/figs/a1.jpg, id=98, 1160.335pt x 870.25
125pt>
File: /home/gvt1/Work/ECLab2025/experiment01/figs/a1.jpg Graphic file (type jpg
)
<use /home/gvt1/Work/ECLab2025/experiment01/figs/a1.jpg>
Package pdftex.def Info: /home/gvt1/Work/ECLab2025/experiment01/figs/a1.jpg  us
ed on input line 115.
(pdftex.def)             Requested size: 193.47578pt x 145.09906pt.



Package fancyhdr Warning: \headheight is too small (12.0pt): 
(fancyhdr)                Make it at least 14.49998pt, for example:
(fancyhdr)                \setlength{\headheight}{14.49998pt}.
(fancyhdr)                You might also make \topmargin smaller to compensate:

(fancyhdr)                \addtolength{\topmargin}{-2.49998pt}.

[2 </home/gvt1/Work/ECLab2025/experiment01/figs/a2.jpg>]
</home/gvt1/Work/ECLab2025/experiment01/figs/b2.jpg, id=106, 1284.8pt x 963.6pt
>
File: /home/gvt1/Work/ECLab2025/experiment01/figs/b2.jpg Graphic file (type jpg
)
<use /home/gvt1/Work/ECLab2025/experiment01/figs/b2.jpg>
Package pdftex.def Info: /home/gvt1/Work/ECLab2025/experiment01/figs/b2.jpg  us
ed on input line 119.
(pdftex.def)             Requested size: 241.84843pt x 181.38031pt.
</home/gvt1/Work/ECLab2025/experiment01/figs/b.jpg, id=107, 642.4pt x 481.8pt>
File: /home/gvt1/Work/ECLab2025/experiment01/figs/b.jpg Graphic file (type jpg)

<use /home/gvt1/Work/ECLab2025/experiment01/figs/b.jpg>
Package pdftex.def Info: /home/gvt1/Work/ECLab2025/experiment01/figs/b.jpg  use
d on input line 120.
(pdftex.def)             Requested size: 193.47578pt x 145.10718pt.
</home/gvt1/Work/ECLab2025/experiment01/figs/b1.jpg, id=108, 1284.8pt x 963.6pt
>
File: /home/gvt1/Work/ECLab2025/experiment01/figs/b1.jpg Graphic file (type jpg
)
<use /home/gvt1/Work/ECLab2025/experiment01/figs/b1.jpg>
Package pdftex.def Info: /home/gvt1/Work/ECLab2025/experiment01/figs/b1.jpg  us
ed on input line 121.
(pdftex.def)             Requested size: 193.47578pt x 145.09248pt.
</home/gvt1/Work/ECLab2025/experiment01/figs/c2.jpg, id=109, 1284.8pt x 963.6pt
>
File: /home/gvt1/Work/ECLab2025/experiment01/figs/c2.jpg Graphic file (type jpg
)
<use /home/gvt1/Work/ECLab2025/experiment01/figs/c2.jpg>
Package pdftex.def Info: /home/gvt1/Work/ECLab2025/experiment01/figs/c2.jpg  us
ed on input line 125.
(pdftex.def)             Requested size: 241.84843pt x 181.38031pt.



Package fancyhdr Warning: \headheight is too small (12.0pt): 
(fancyhdr)                Make it at least 14.49998pt, for example:
(fancyhdr)                \setlength{\headheight}{14.49998pt}.
(fancyhdr)                You might also make \topmargin smaller to compensate:

(fancyhdr)                \addtolength{\topmargin}{-2.49998pt}.

[3 </home/gvt1/Work/ECLab2025/experiment01/figs/a.jpeg> </home/gvt1/Work/ECLab2
025/experiment01/figs/a1.jpg> </home/gvt1/Work/ECLab2025/experiment01/figs/b2.j
pg> </home/gvt1/Work/ECLab2025/experiment01/figs/b.jpg> </home/gvt1/Work/ECLab2
025/experiment01/figs/b1.jpg>]
</home/gvt1/Work/ECLab2025/experiment01/figs/c.jpg, id=114, 642.4pt x 481.8pt>
File: /home/gvt1/Work/ECLab2025/experiment01/figs/c.jpg Graphic file (type jpg)

<use /home/gvt1/Work/ECLab2025/experiment01/figs/c.jpg>
Package pdftex.def Info: /home/gvt1/Work/ECLab2025/experiment01/figs/c.jpg  use
d on input line 126.
(pdftex.def)             Requested size: 193.47578pt x 145.10718pt.
</home/gvt1/Work/ECLab2025/experiment01/figs/c1.jpg, id=115, 1284.8pt x 963.6pt
>
File: /home/gvt1/Work/ECLab2025/experiment01/figs/c1.jpg Graphic file (type jpg
)
<use /home/gvt1/Work/ECLab2025/experiment01/figs/c1.jpg>
Package pdftex.def Info: /home/gvt1/Work/ECLab2025/experiment01/figs/c1.jpg  us
ed on input line 127.
(pdftex.def)             Requested size: 193.47578pt x 145.09248pt.
</home/gvt1/Work/ECLab2025/experiment01/figs/f2.jpg, id=116, 1606.0pt x 1204.5p
t>
File: /home/gvt1/Work/ECLab2025/experiment01/figs/f2.jpg Graphic file (type jpg
)
<use /home/gvt1/Work/ECLab2025/experiment01/figs/f2.jpg>
Package pdftex.def Info: /home/gvt1/Work/ECLab2025/experiment01/figs/f2.jpg  us
ed on input line 131.
(pdftex.def)             Requested size: 241.84843pt x 181.38399pt.
</home/gvt1/Work/ECLab2025/experiment01/figs/f.jpg, id=117, 642.4pt x 481.8pt>
File: /home/gvt1/Work/ECLab2025/experiment01/figs/f.jpg Graphic file (type jpg)

<use /home/gvt1/Work/ECLab2025/experiment01/figs/f.jpg>
Package pdftex.def Info: /home/gvt1/Work/ECLab2025/experiment01/figs/f.jpg  use
d on input line 132.
(pdftex.def)             Requested size: 193.47578pt x 145.10718pt.
</home/gvt1/Work/ECLab2025/experiment01/figs/f1.jpg, id=118, 1606.0pt x 1204.5p
t>
File: /home/gvt1/Work/ECLab2025/experiment01/figs/f1.jpg Graphic file (type jpg
)
<use /home/gvt1/Work/ECLab2025/experiment01/figs/f1.jpg>
Package pdftex.def Info: /home/gvt1/Work/ECLab2025/experiment01/figs/f1.jpg  us
ed on input line 133.
(pdftex.def)             Requested size: 193.47578pt x 145.10352pt.



Package fancyhdr Warning: \headheight is too small (12.0pt): 
(fancyhdr)                Make it at least 14.49998pt, for example:
(fancyhdr)                \setlength{\headheight}{14.49998pt}.
(fancyhdr)                You might also make \topmargin smaller to compensate:

(fancyhdr)                \addtolength{\topmargin}{-2.49998pt}.

[4 </home/gvt1/Work/ECLab2025/experiment01/figs/c2.jpg> </home/gvt1/Work/ECLab2
025/experiment01/figs/c.jpg> </home/gvt1/Work/ECLab2025/experiment01/figs/c1.jp
g> </home/gvt1/Work/ECLab2025/experiment01/figs/f2.jpg>]
</home/gvt1/Work/ECLab2025/experiment01/figs/d2.jpg, id=123, 1606.0pt x 1204.5p
t>
File: /home/gvt1/Work/ECLab2025/experiment01/figs/d2.jpg Graphic file (type jpg
)
<use /home/gvt1/Work/ECLab2025/experiment01/figs/d2.jpg>
Package pdftex.def Info: /home/gvt1/Work/ECLab2025/experiment01/figs/d2.jpg  us
ed on input line 137.
(pdftex.def)             Requested size: 241.84843pt x 181.38399pt.
</home/gvt1/Work/ECLab2025/experiment01/figs/d.jpg, id=124, 642.4pt x 481.8pt>
File: /home/gvt1/Work/ECLab2025/experiment01/figs/d.jpg Graphic file (type jpg)

<use /home/gvt1/Work/ECLab2025/experiment01/figs/d.jpg>
Package pdftex.def Info: /home/gvt1/Work/ECLab2025/experiment01/figs/d.jpg  use
d on input line 138.
(pdftex.def)             Requested size: 193.47578pt x 145.10718pt.
</home/gvt1/Work/ECLab2025/experiment01/figs/d1.jpg, id=125, 1606.0pt x 1204.5p
t>
File: /home/gvt1/Work/ECLab2025/experiment01/figs/d1.jpg Graphic file (type jpg
)
<use /home/gvt1/Work/ECLab2025/experiment01/figs/d1.jpg>
Package pdftex.def Info: /home/gvt1/Work/ECLab2025/experiment01/figs/d1.jpg  us
ed on input line 139.
(pdftex.def)             Requested size: 193.47578pt x 145.10352pt.
</home/gvt1/Work/ECLab2025/experiment01/figs/e2.jpg, id=126, 1606.0pt x 1204.5p
t>
File: /home/gvt1/Work/ECLab2025/experiment01/figs/e2.jpg Graphic file (type jpg
)
<use /home/gvt1/Work/ECLab2025/experiment01/figs/e2.jpg>
Package pdftex.def Info: /home/gvt1/Work/ECLab2025/experiment01/figs/e2.jpg  us
ed on input line 144.
(pdftex.def)             Requested size: 241.84843pt x 181.38399pt.



Package fancyhdr Warning: \headheight is too small (12.0pt): 
(fancyhdr)                Make it at least 14.49998pt, for example:
(fancyhdr)                \setlength{\headheight}{14.49998pt}.
(fancyhdr)                You might also make \topmargin smaller to compensate:

(fancyhdr)                \addtolength{\topmargin}{-2.49998pt}.

[5 </home/gvt1/Work/ECLab2025/experiment01/figs/f.jpg> </home/gvt1/Work/ECLab20
25/experiment01/figs/f1.jpg> </home/gvt1/Work/ECLab2025/experiment01/figs/d2.jp
g> </home/gvt1/Work/ECLab2025/experiment01/figs/d.jpg> </home/gvt1/Work/ECLab20
25/experiment01/figs/d1.jpg>]
</home/gvt1/Work/ECLab2025/experiment01/figs/e.jpg, id=131, 642.4pt x 481.8pt>
File: /home/gvt1/Work/ECLab2025/experiment01/figs/e.jpg Graphic file (type jpg)

<use /home/gvt1/Work/ECLab2025/experiment01/figs/e.jpg>
Package pdftex.def Info: /home/gvt1/Work/ECLab2025/experiment01/figs/e.jpg  use
d on input line 145.
(pdftex.def)             Requested size: 193.47578pt x 145.10718pt.
</home/gvt1/Work/ECLab2025/experiment01/figs/e1.jpg, id=132, 1606.0pt x 1204.5p
t>
File: /home/gvt1/Work/ECLab2025/experiment01/figs/e1.jpg Graphic file (type jpg
)
<use /home/gvt1/Work/ECLab2025/experiment01/figs/e1.jpg>
Package pdftex.def Info: /home/gvt1/Work/ECLab2025/experiment01/figs/e1.jpg  us
ed on input line 146.
(pdftex.def)             Requested size: 193.47578pt x 145.10352pt.



Package fancyhdr Warning: \headheight is too small (12.0pt): 
(fancyhdr)                Make it at least 14.49998pt, for example:
(fancyhdr)                \setlength{\headheight}{14.49998pt}.
(fancyhdr)                You might also make \topmargin smaller to compensate:

(fancyhdr)                \addtolength{\topmargin}{-2.49998pt}.

[6 </home/gvt1/Work/ECLab2025/experiment01/figs/e2.jpg> </home/gvt1/Work/ECLab2
025/experiment01/figs/e.jpg> </home/gvt1/Work/ECLab2025/experiment01/figs/e1.jp
g>]
</home/gvt1/Work/ECLab2025/experiment01/figs/ote.jpg, id=139, 1284.8pt x 848.16
875pt>
File: /home/gvt1/Work/ECLab2025/experiment01/figs/ote.jpg Graphic file (type jp
g)
<use /home/gvt1/Work/ECLab2025/experiment01/figs/ote.jpg>
Package pdftex.def Info: /home/gvt1/Work/ECLab2025/experiment01/figs/ote.jpg  u
sed on input line 174.
(pdftex.def)             Requested size: 338.58632pt x 223.52121pt.



Package fancyhdr Warning: \headheight is too small (12.0pt): 
(fancyhdr)                Make it at least 14.49998pt, for example:
(fancyhdr)                \setlength{\headheight}{14.49998pt}.
(fancyhdr)                You might also make \topmargin smaller to compensate:

(fancyhdr)                \addtolength{\topmargin}{-2.49998pt}.

[7 </home/gvt1/Work/ECLab2025/experiment01/figs/ote.jpg>] (./report.aux)
 ***********
LaTeX2e <2024-06-01> patch level 2
L3 programming layer <2024-09-10>
 ***********
Package rerunfilecheck Info: File `report.out' has not changed.
(rerunfilecheck)             Checksum: 00DB12669804AE102204DA7299E485A8;2201.
 ) 
Here is how much of TeX's memory you used:
 10598 strings out of 473579
 172380 string characters out of 5705599
 666347 words of memory out of 5000000
 33329 multiletter control sequences out of 15000+600000
 563489 words of font info for 54 fonts, out of 8000000 for 9000
 1141 hyphenation exceptions out of 8191
 79i,12n,93p,525b,510s stack positions out of 10000i,1000n,20000p,200000b,200000s
</opt/texlive/2024/texmf-dist/fonts/type1/public/amsfonts/cm/cmbx12.pfb></opt
/texlive/2024/texmf-dist/fonts/type1/public/amsfonts/cm/cmmi12.pfb></opt/texliv
e/2024/texmf-dist/fonts/type1/public/amsfonts/cm/cmmi8.pfb></opt/texlive/2024/t
exmf-dist/fonts/type1/public/amsfonts/cm/cmr12.pfb></opt/texlive/2024/texmf-dis
t/fonts/type1/public/amsfonts/cm/cmr8.pfb></opt/texlive/2024/texmf-dist/fonts/t
ype1/public/amsfonts/cm/cmsy10.pfb></opt/texlive/2024/texmf-dist/fonts/type1/pu
blic/amsfonts/cm/cmti12.pfb></opt/texlive/2024/texmf-dist/fonts/type1/public/am
sfonts/cm/cmtt12.pfb></opt/texlive/2024/texmf-dist/fonts/type1/public/cm-super/
sfrm1200.pfb>
Output written on report.pdf (7 pages, 1927896 bytes).
PDF statistics:
 204 PDF objects out of 1000 (max. 8388607)
 156 compressed objects within 2 object streams
 37 named destinations out of 1000 (max. 500000)
 256 words of extra memory for PDF output out of 10000 (max. 10000000)

