\BOOKMARK [1][-]{section.1}{\376\377\000P\000a\000r\000t\000\040\0001\000\040\000-\000\040\000L\000i\000s\000s\000a\000j\000o\000u\000s\000\040\000f\000i\000g\000u\000r\000e\000s}{}% 1
\BOOKMARK [2][-]{subsection.1.1}{\376\377\000O\000b\000j\000e\000c\000t\000i\000v\000e}{section.1}% 2
\BOOKMARK [2][-]{subsection.1.2}{\376\377\000A\000p\000p\000a\000r\000a\000t\000u\000s}{section.1}% 3
\BOOKMARK [2][-]{subsection.1.3}{\376\377\000T\000h\000e\000o\000r\000y}{section.1}% 4
\BOOKMARK [2][-]{subsection.1.4}{\376\377\000P\000r\000o\000c\000e\000d\000u\000r\000e}{section.1}% 5
\BOOKMARK [2][-]{subsection.1.5}{\376\377\000J\000u\000s\000t\000i\000f\000i\000c\000a\000t\000i\000o\000n}{section.1}% 6
\BOOKMARK [3][-]{subsubsection.1.5.1}{\376\377\0001\000.}{subsection.1.5}% 7
\BOOKMARK [3][-]{subsubsection.1.5.2}{\376\377\0002\000.}{subsection.1.5}% 8
\BOOKMARK [3][-]{subsubsection.1.5.3}{\376\377\0003\000.}{subsection.1.5}% 9
\BOOKMARK [3][-]{subsubsection.1.5.4}{\376\377\0004\000.}{subsection.1.5}% 10
\BOOKMARK [3][-]{subsubsection.1.5.5}{\376\377\0005\000.}{subsection.1.5}% 11
\BOOKMARK [3][-]{subsubsection.1.5.6}{\376\377\0006\000.}{subsection.1.5}% 12
\BOOKMARK [2][-]{subsection.1.6}{\376\377\000C\000o\000n\000c\000l\000u\000s\000i\000o\000n}{section.1}% 13
\BOOKMARK [1][-]{section.2}{\376\377\000C\000a\000p\000t\000u\000r\000i\000n\000g\000\040\000a\000\040\000o\000n\000e\000-\000t\000i\000m\000e\000\040\000e\000v\000e\000n\000t\000\040\000o\000n\000\040\000t\000h\000e\000\040\000C\000R\000O}{}% 14
\BOOKMARK [2][-]{subsection.2.1}{\376\377\000O\000b\000j\000e\000c\000t\000i\000v\000e}{section.2}% 15
\BOOKMARK [2][-]{subsection.2.2}{\376\377\000A\000p\000p\000a\000r\000a\000t\000u\000s}{section.2}% 16
\BOOKMARK [2][-]{subsection.2.3}{\376\377\000T\000h\000e\000o\000r\000y}{section.2}% 17
\BOOKMARK [2][-]{subsection.2.4}{\376\377\000P\000r\000o\000c\000e\000d\000u\000r\000e}{section.2}% 18
\BOOKMARK [2][-]{subsection.2.5}{\376\377\000D\000e\000m\000o\000n\000s\000t\000r\000a\000t\000i\000o\000n\000'\000s\000\040\000r\000e\000s\000u\000l\000t\000s}{section.2}% 19
\BOOKMARK [2][-]{subsection.2.6}{\376\377\000C\000o\000n\000c\000l\000u\000s\000i\000o\000n}{section.2}% 20
